# JRE version: OpenJDK Runtime Environment (8.0_152-b01) (build 1.8.0_152-release-1343-b01)
# Java VM: OpenJDK 64-Bit Server VM (25.152-b01 mixed mode windows-amd64 compressed oops)
Heap:
 PSYoungGen      total 190976K, used 15619K [0x0000000780400000, 0x000000078fa00000, 0x00000007c0000000)
  eden space 157696K, 9% used [0x0000000780400000,0x0000000781340c88,0x0000000789e00000)
  from space 33280K, 0% used [0x000000078be80000,0x000000078be80000,0x000000078df00000)
  to   space 33280K, 0% used [0x0000000789e00000,0x0000000789e00000,0x000000078be80000)
 ParOldGen       total 176640K, used 42911K [0x0000000700c00000, 0x000000070b880000, 0x0000000780400000)
  object space 176640K, 24% used [0x0000000700c00000,0x00000007035e7d70,0x000000070b880000)
 Metaspace       used 59470K, capacity 60703K, committed 61056K, reserved 1103872K
  class space    used 7171K, capacity 7481K, committed 7552K, reserved 1048576K
GC Heap History (10 events):
Event: 2.469 GC heap before
{Heap before GC invocations=5 (full 2):
 PSYoungGen      total 106496K, used 8180K [0x0000000780400000, 0x0000000789800000, 0x00000007c0000000)
  eden space 98304K, 0% used [0x0000000780400000,0x0000000780400000,0x0000000786400000)
  from space 8192K, 99% used [0x0000000786400000,0x0000000786bfd0d8,0x0000000786c00000)
  to   space 8192K, 0% used [0x0000000789000000,0x0000000789000000,0x0000000789800000)
 ParOldGen       total 93696K, used 24674K [0x0000000700c00000, 0x0000000706780000, 0x0000000780400000)
  object space 93696K, 26% used [0x0000000700c00000,0x00000007024188d0,0x0000000706780000)
 Metaspace       used 34595K, capacity 35111K, committed 35416K, reserved 1081344K
  class space    used 4396K, capacity 4539K, committed 4608K, reserved 1048576K
Event: 2.533 GC heap after
Heap after GC invocations=5 (full 2):
 PSYoungGen      total 106496K, used 0K [0x0000000780400000, 0x0000000789800000, 0x00000007c0000000)
  eden space 98304K, 0% used [0x0000000780400000,0x0000000780400000,0x0000000786400000)
  from space 8192K, 0% used [0x0000000786400000,0x0000000786400000,0x0000000786c00000)
  to   space 8192K, 0% used [0x0000000789000000,0x0000000789000000,0x0000000789800000)
 ParOldGen       total 176640K, used 27152K [0x0000000700c00000, 0x000000070b880000, 0x0000000780400000)
  object space 176640K, 15% used [0x0000000700c00000,0x0000000702684198,0x000000070b880000)
 Metaspace       used 34595K, capacity 35111K, committed 35416K, reserved 1081344K
  class space    used 4396K, capacity 4539K, committed 4608K, reserved 1048576K
}
Event: 3.864 GC heap before
{Heap before GC invocations=6 (full 2):
 PSYoungGen      total 106496K, used 98304K [0x0000000780400000, 0x0000000789800000, 0x00000007c0000000)
  eden space 98304K, 100% used [0x0000000780400000,0x0000000786400000,0x0000000786400000)
  from space 8192K, 0% used [0x0000000786400000,0x0000000786400000,0x0000000786c00000)
  to   space 8192K, 0% used [0x0000000789000000,0x0000000789000000,0x0000000789800000)
 ParOldGen       total 176640K, used 27152K [0x0000000700c00000, 0x000000070b880000, 0x0000000780400000)
  object space 176640K, 15% used [0x0000000700c00000,0x0000000702684198,0x000000070b880000)
 Metaspace       used 43470K, capacity 44197K, committed 44544K, reserved 1087488K
  class space    used 5381K, capacity 5590K, committed 5632K, reserved 1048576K
Event: 3.879 GC heap after
Heap after GC invocations=6 (full 2):
 PSYoungGen      total 134144K, used 8179K [0x0000000780400000, 0x0000000789800000, 0x00000007c0000000)
  eden space 125952K, 0% used [0x0000000780400000,0x0000000780400000,0x0000000787f00000)
  from space 8192K, 99% used [0x0000000789000000,0x00000007897fcee0,0x0000000789800000)
  to   space 8192K, 0% used [0x0000000788800000,0x0000000788800000,0x0000000789000000)
 ParOldGen       total 176640K, used 39002K [0x0000000700c00000, 0x000000070b880000, 0x0000000780400000)
  object space 176640K, 22% used [0x0000000700c00000,0x00000007032169a0,0x000000070b880000)
 Metaspace       used 43470K, capacity 44197K, committed 44544K, reserved 1087488K
  class space    used 5381K, capacity 5590K, committed 5632K, reserved 1048576K
}
Event: 7.148 GC heap before
{Heap before GC invocations=7 (full 2):
 PSYoungGen      total 134144K, used 134131K [0x0000000780400000, 0x0000000789800000, 0x00000007c0000000)
  eden space 125952K, 100% used [0x0000000780400000,0x0000000787f00000,0x0000000787f00000)
  from space 8192K, 99% used [0x0000000789000000,0x00000007897fcee0,0x0000000789800000)
  to   space 8192K, 0% used [0x0000000788800000,0x0000000788800000,0x0000000789000000)
 ParOldGen       total 176640K, used 39002K [0x0000000700c00000, 0x000000070b880000, 0x0000000780400000)
  object space 176640K, 22% used [0x0000000700c00000,0x00000007032169a0,0x000000070b880000)
 Metaspace       used 55051K, capacity 56103K, committed 56320K, reserved 1097728K
  class space    used 6773K, capacity 7077K, committed 7168K, reserved 1048576K
Event: 7.171 GC heap after
Heap after GC invocations=7 (full 2):
 PSYoungGen      total 143360K, used 8189K [0x0000000780400000, 0x000000078df00000, 0x00000007c0000000)
  eden space 135168K, 0% used [0x0000000780400000,0x0000000780400000,0x0000000788800000)
  from space 8192K, 99% used [0x0000000788800000,0x0000000788fff708,0x0000000789000000)
  to   space 33280K, 0% used [0x000000078be80000,0x000000078be80000,0x000000078df00000)
 ParOldGen       total 176640K, used 61634K [0x0000000700c00000, 0x000000070b880000, 0x0000000780400000)
  object space 176640K, 34% used [0x0000000700c00000,0x0000000704830b60,0x000000070b880000)
 Metaspace       used 55051K, capacity 56103K, committed 56320K, reserved 1097728K
  class space    used 6773K, capacity 7077K, committed 7168K, reserved 1048576K
}
Event: 7.369 GC heap before
{Heap before GC invocations=8 (full 2):
 PSYoungGen      total 143360K, used 21642K [0x0000000780400000, 0x000000078df00000, 0x00000007c0000000)
  eden space 135168K, 9% used [0x0000000780400000,0x0000000781123468,0x0000000788800000)
  from space 8192K, 99% used [0x0000000788800000,0x0000000788fff708,0x0000000789000000)
  to   space 33280K, 0% used [0x000000078be80000,0x000000078be80000,0x000000078df00000)
 ParOldGen       total 176640K, used 61634K [0x0000000700c00000, 0x000000070b880000, 0x0000000780400000)
  object space 176640K, 34% used [0x0000000700c00000,0x0000000704830b60,0x000000070b880000)
 Metaspace       used 57644K, capacity 58775K, committed 59028K, reserved 1101824K
  class space    used 7010K, capacity 7317K, committed 7424K, reserved 1048576K
Event: 7.380 GC heap after
Heap after GC invocations=8 (full 2):
 PSYoungGen      total 190976K, used 11158K [0x0000000780400000, 0x000000078fa00000, 0x00000007c0000000)
  eden space 157696K, 0% used [0x0000000780400000,0x0000000780400000,0x0000000789e00000)
  from space 33280K, 33% used [0x000000078be80000,0x000000078c9659e8,0x000000078df00000)
  to   space 33280K, 0% used [0x0000000789e00000,0x0000000789e00000,0x000000078be80000)
 ParOldGen       total 176640K, used 61642K [0x0000000700c00000, 0x000000070b880000, 0x0000000780400000)
  object space 176640K, 34% used [0x0000000700c00000,0x0000000704832b60,0x000000070b880000)
 Metaspace       used 57644K, capacity 58775K, committed 59028K, reserved 1101824K
  class space    used 7010K, capacity 7317K, committed 7424K, reserved 1048576K
}
Event: 7.380 GC heap before
{Heap before GC invocations=9 (full 3):
 PSYoungGen      total 190976K, used 11158K [0x0000000780400000, 0x000000078fa00000, 0x00000007c0000000)
  eden space 157696K, 0% used [0x0000000780400000,0x0000000780400000,0x0000000789e00000)
  from space 33280K, 33% used [0x000000078be80000,0x000000078c9659e8,0x000000078df00000)
  to   space 33280K, 0% used [0x0000000789e00000,0x0000000789e00000,0x000000078be80000)
 ParOldGen       total 176640K, used 61642K [0x0000000700c00000, 0x000000070b880000, 0x0000000780400000)
  object space 176640K, 34% used [0x0000000700c00000,0x0000000704832b60,0x000000070b880000)
 Metaspace       used 57644K, capacity 58775K, committed 59028K, reserved 1101824K
  class space    used 7010K, capacity 7317K, committed 7424K, reserved 1048576K
Event: 7.521 GC heap after
Heap after GC invocations=9 (full 3):
 PSYoungGen      total 190976K, used 0K [0x0000000780400000, 0x000000078fa00000, 0x00000007c0000000)
  eden space 157696K, 0% used [0x0000000780400000,0x0000000780400000,0x0000000789e00000)
  from space 33280K, 0% used [0x000000078be80000,0x000000078be80000,0x000000078df00000)
  to   space 33280K, 0% used [0x0000000789e00000,0x0000000789e00000,0x000000078be80000)
 ParOldGen       total 176640K, used 42911K [0x0000000700c00000, 0x000000070b880000, 0x0000000780400000)
  object space 176640K, 24% used [0x0000000700c00000,0x00000007035e7d70,0x000000070b880000)
 Metaspace       used 57644K, capacity 58775K, committed 59028K, reserved 1101824K
  class space    used 7010K, capacity 7317K, committed 7424K, reserved 1048576K
}

